<?xml version="1.0" encoding="utf-8"?><testsuites name="pytest tests"><testsuite name="pytest" errors="0" failures="0" skipped="0" tests="24" time="4.360" timestamp="2026-07-11T12:34:29.976475+00:00" hostname="agent-env-9773b89f-7ca4-4a92-b90c-68c9b1ccf0f3"><testcase classname="backend.tests.backend_test.TestHealth" name="test_root" time="0.127" /><testcase classname="backend.tests.backend_test.TestAuth" name="test_register_duplicate_email" time="0.312" /><testcase classname="backend.tests.backend_test.TestAuth" name="test_login_bad_password" time="0.263" /><testcase classname="backend.tests.backend_test.TestAuth" name="test_me_returns_current_user" time="0.045" /><testcase classname="backend.tests.backend_test.TestAuth" name="test_me_requires_token" time="0.043" /><testcase classname="backend.tests.backend_test.TestAuth" name="test_new_register" time="0.265" /><testcase classname="backend.tests.backend_test.TestUsers" name="test_list_users_excludes_self" time="0.046" /><testcase classname="backend.tests.backend_test.TestUsers" name="test_search_by_name" time="0.305" /><testcase classname="backend.tests.backend_test.TestUsers" name="test_get_user_by_id" time="0.049" /><testcase classname="backend.tests.backend_test.TestUsers" name="test_update_profile_and_persist" time="0.094" /><testcase classname="backend.tests.backend_test.TestFollow" name="test_follow_flow" time="0.186" /><testcase classname="backend.tests.backend_test.TestFollow" name="test_cannot_follow_self" time="0.043" /><testcase classname="backend.tests.backend_test.TestFollow" name="test_unfollow" time="0.139" /><testcase classname="backend.tests.backend_test.TestFriends" name="test_full_friend_flow" time="0.215" /><testcase classname="backend.tests.backend_test.TestStories" name="test_create_and_list" time="0.250" /><testcase classname="backend.tests.backend_test.TestConversations" name="test_dm_dedupe" time="0.086" /><testcase classname="backend.tests.backend_test.TestConversations" name="test_send_and_fetch_messages" time="0.221" /><testcase classname="backend.tests.backend_test.TestConversations" name="test_group_admin_edit" time="0.262" /><testcase classname="backend.tests.backend_test.TestCalls" name="test_call_lifecycle" time="0.226" /><testcase classname="backend.tests.backend_test.TestCalls" name="test_call_bad_action" time="0.139" /><testcase classname="backend.tests.backend_test.TestLocations" name="test_update_and_friend_view" time="0.093" /><testcase classname="backend.tests.backend_test.TestNotifications" name="test_read_all" time="0.099" /><testcase classname="backend.tests.backend_test.TestWebSocket" name="test_ws_delivers_message" time="0.625" /><testcase classname="backend.tests.backend_test.TestWebSocket" name="test_ws_bad_token_closes" time="0.166" /></testsuite></testsuites>