<?xml version="1.0" encoding="utf-8"?><testsuites name="pytest tests"><testsuite name="pytest" errors="0" failures="0" skipped="0" tests="17" time="2.538" timestamp="2026-07-11T11:41:52.776368+00:00" hostname="agent-env-9773b89f-7ca4-4a92-b90c-68c9b1ccf0f3"><testcase classname="backend.tests.test_new_features.TestGoogleAuth" name="test_google_invalid_session_returns_401" time="0.320" /><testcase classname="backend.tests.test_new_features.TestGoogleAuth" name="test_google_missing_session_returns_422" time="0.040" /><testcase classname="backend.tests.test_new_features.TestLoginRegression" name="test_login_ok" time="0.267" /><testcase classname="backend.tests.test_new_features.TestLoginRegression" name="test_login_wrong_password" time="0.263" /><testcase classname="backend.tests.test_new_features.TestLoginRegression" name="test_login_missing_email" time="0.044" /><testcase classname="backend.tests.test_new_features.TestLoginRegression" name="test_login_google_user_without_password_rejected" time="0.264" /><testcase classname="backend.tests.test_new_features.TestRegisterPush" name="test_register_push_returns_201_and_never_500" time="0.347" /><testcase classname="backend.tests.test_new_features.TestRegisterPush" name="test_register_push_bad_payload_returns_422_not_500" time="0.041" /><testcase classname="backend.tests.test_new_features.TestPushHookNonBlocking" name="test_message_send_no_500" time="0.357" /><testcase classname="backend.tests.test_new_features.TestPushHookNonBlocking" name="test_follow_no_500" time="0.087" /><testcase classname="backend.tests.test_new_features.TestPushHookNonBlocking" name="test_friend_request_no_500" time="0.047" /><testcase classname="backend.tests.test_new_features.TestPushHookNonBlocking" name="test_start_call_no_500" time="0.062" /><testcase classname="backend.tests.test_new_features.TestCoreSmoke" name="test_me" time="0.041" /><testcase classname="backend.tests.test_new_features.TestCoreSmoke" name="test_conversations_list" time="0.047" /><testcase classname="backend.tests.test_new_features.TestCoreSmoke" name="test_notifications_list" time="0.042" /><testcase classname="backend.tests.test_new_features.TestCoreSmoke" name="test_stories_list" time="0.155" /><testcase classname="backend.tests.test_new_features.TestCoreSmoke" name="test_locations_friends" time="0.040" /></testsuite></testsuites>