<?xml version="1.0" encoding="utf-8"?><testsuites name="pytest tests"><testsuite name="pytest" errors="0" failures="0" skipped="0" tests="41" time="6.811" timestamp="2026-07-11T11:42:02.852649+00:00" hostname="agent-env-9773b89f-7ca4-4a92-b90c-68c9b1ccf0f3"><testcase classname="backend.tests.backend_test.TestHealth" name="test_root" time="0.193" /><testcase classname="backend.tests.backend_test.TestAuth" name="test_register_duplicate_email" time="0.315" /><testcase classname="backend.tests.backend_test.TestAuth" name="test_login_bad_password" time="0.270" /><testcase classname="backend.tests.backend_test.TestAuth" name="test_me_returns_current_user" time="0.050" /><testcase classname="backend.tests.backend_test.TestAuth" name="test_me_requires_token" time="0.047" /><testcase classname="backend.tests.backend_test.TestAuth" name="test_new_register" time="0.270" /><testcase classname="backend.tests.backend_test.TestUsers" name="test_list_users_excludes_self" time="0.045" /><testcase classname="backend.tests.backend_test.TestUsers" name="test_search_by_name" time="0.316" /><testcase classname="backend.tests.backend_test.TestUsers" name="test_get_user_by_id" time="0.048" /><testcase classname="backend.tests.backend_test.TestUsers" name="test_update_profile_and_persist" time="0.097" /><testcase classname="backend.tests.backend_test.TestFollow" name="test_follow_flow" time="0.173" /><testcase classname="backend.tests.backend_test.TestFollow" name="test_cannot_follow_self" time="0.047" /><testcase classname="backend.tests.backend_test.TestFollow" name="test_unfollow" time="0.139" /><testcase classname="backend.tests.backend_test.TestFriends" name="test_full_friend_flow" time="0.230" /><testcase classname="backend.tests.backend_test.TestStories" name="test_create_and_list" time="0.258" /><testcase classname="backend.tests.backend_test.TestConversations" name="test_dm_dedupe" time="0.094" /><testcase classname="backend.tests.backend_test.TestConversations" name="test_send_and_fetch_messages" time="0.191" /><testcase classname="backend.tests.backend_test.TestConversations" name="test_group_admin_edit" time="0.242" /><testcase classname="backend.tests.backend_test.TestCalls" name="test_call_lifecycle" time="0.252" /><testcase classname="backend.tests.backend_test.TestCalls" name="test_call_bad_action" time="0.102" /><testcase classname="backend.tests.backend_test.TestLocations" name="test_update_and_friend_view" time="0.090" /><testcase classname="backend.tests.backend_test.TestNotifications" name="test_read_all" time="0.092" /><testcase classname="backend.tests.backend_test.TestWebSocket" name="test_ws_delivers_message" time="0.576" /><testcase classname="backend.tests.backend_test.TestWebSocket" name="test_ws_bad_token_closes" time="0.138" /><testcase classname="backend.tests.test_new_features.TestGoogleAuth" name="test_google_invalid_session_returns_401" time="0.240" /><testcase classname="backend.tests.test_new_features.TestGoogleAuth" name="test_google_missing_session_returns_422" time="0.049" /><testcase classname="backend.tests.test_new_features.TestLoginRegression" name="test_login_ok" time="0.266" /><testcase classname="backend.tests.test_new_features.TestLoginRegression" name="test_login_wrong_password" time="0.266" /><testcase classname="backend.tests.test_new_features.TestLoginRegression" name="test_login_missing_email" time="0.043" /><testcase classname="backend.tests.test_new_features.TestLoginRegression" name="test_login_google_user_without_password_rejected" time="0.269" /><testcase classname="backend.tests.test_new_features.TestRegisterPush" name="test_register_push_returns_201_and_never_500" time="0.325" /><testcase classname="backend.tests.test_new_features.TestRegisterPush" name="test_register_push_bad_payload_returns_422_not_500" time="0.051" /><testcase classname="backend.tests.test_new_features.TestPushHookNonBlocking" name="test_message_send_no_500" time="0.377" /><testcase classname="backend.tests.test_new_features.TestPushHookNonBlocking" name="test_follow_no_500" time="0.100" /><testcase classname="backend.tests.test_new_features.TestPushHookNonBlocking" name="test_friend_request_no_500" time="0.055" /><testcase classname="backend.tests.test_new_features.TestPushHookNonBlocking" name="test_start_call_no_500" time="0.053" /><testcase classname="backend.tests.test_new_features.TestCoreSmoke" name="test_me" time="0.044" /><testcase classname="backend.tests.test_new_features.TestCoreSmoke" name="test_conversations_list" time="0.047" /><testcase classname="backend.tests.test_new_features.TestCoreSmoke" name="test_notifications_list" time="0.044" /><testcase classname="backend.tests.test_new_features.TestCoreSmoke" name="test_stories_list" time="0.181" /><testcase classname="backend.tests.test_new_features.TestCoreSmoke" name="test_locations_friends" time="0.053" /></testsuite></testsuites>